Testsuite: swen90006.mfa.BoundaryTests
Tests run: 56, Failures: 5, Errors: 1, Skipped: 0, Time elapsed: 0.058 sec

Testcase: register_B6 took 0.001 sec
Testcase: register_B7 took 0 sec
Testcase: register_B8 took 0.011 sec
Testcase: register_B9 took 0 sec
Testcase: getData_B1 took 0.001 sec
Testcase: getData_B2 took 0.001 sec
	Caused an ERROR
Index -1 out of bounds for length 2
java.lang.IndexOutOfBoundsException: Index -1 out of bounds for length 2
	at java.base/jdk.internal.util.Preconditions.outOfBounds(Preconditions.java:64)
	at java.base/jdk.internal.util.Preconditions.outOfBoundsCheckIndex(Preconditions.java:70)
	at java.base/jdk.internal.util.Preconditions.checkIndex(Preconditions.java:248)
	at java.base/java.util.Objects.checkIndex(Objects.java:372)
	at java.base/java.util.ArrayList.get(ArrayList.java:459)
	at swen90006.mfa.MFA.getData(MFA.java:310)
	at swen90006.mfa.BoundaryTests.getData_B2(Unknown Source)
	at java.base/jdk.internal.reflect.NativeMethodAccessorImpl.invoke0(Native Method)
	at java.base/jdk.internal.reflect.NativeMethodAccessorImpl.invoke(NativeMethodAccessorImpl.java:62)
	at java.base/jdk.internal.reflect.DelegatingMethodAccessorImpl.invoke(DelegatingMethodAccessorImpl.java:43)

Testcase: getData_B3 took 0 sec
Testcase: getData_B4 took 0 sec
Testcase: getData_B5 took 0 sec
	FAILED
Expected exception: java.lang.IndexOutOfBoundsException
junit.framework.AssertionFailedError: Expected exception: java.lang.IndexOutOfBoundsException

Testcase: register_B10 took 0 sec
Testcase: register_B11 took 0 sec
Testcase: register_B12 took 0 sec
Testcase: register_B13 took 0 sec
Testcase: register_B14 took 0 sec
Testcase: register_B15 took 0 sec
Testcase: register_B16 took 0.001 sec
Testcase: register_B17 took 0 sec
Testcase: register_B18 took 0 sec
Testcase: register_B19 took 0 sec
Testcase: register_B20 took 0 sec
Testcase: register_B21 took 0 sec
Testcase: register_B22 took 0 sec
Testcase: register_B23 took 0 sec
Testcase: register_B24 took 0 sec
Testcase: register_B25 took 0 sec
Testcase: register_B26 took 0 sec
Testcase: register_B27 took 0 sec
Testcase: register_B28 took 0 sec
Testcase: anotherTest took 0 sec
Testcase: register_EC_9 took 0.003 sec
Testcase: getData_EC_1 took 0.001 sec
Testcase: getData_EC_2 took 0 sec
Testcase: getData_EC_3 took 0 sec
	FAILED
expected:<[1]> but was:<[10]>
junit.framework.AssertionFailedError: expected:<[1]> but was:<[10]>
	at swen90006.mfa.PartitioningTests.getData_EC_3(Unknown Source)
	at java.base/jdk.internal.reflect.NativeMethodAccessorImpl.invoke0(Native Method)
	at java.base/jdk.internal.reflect.NativeMethodAccessorImpl.invoke(NativeMethodAccessorImpl.java:62)
	at java.base/jdk.internal.reflect.DelegatingMethodAccessorImpl.invoke(DelegatingMethodAccessorImpl.java:43)

Testcase: getData_EC_4 took 0 sec
Testcase: getData_EC_5 took 0 sec
	FAILED
Expected exception: java.lang.IndexOutOfBoundsException
junit.framework.AssertionFailedError: Expected exception: java.lang.IndexOutOfBoundsException

Testcase: getData_EC_6 took 0 sec
	FAILED
expected:<[1]> but was:<[10]>
junit.framework.AssertionFailedError: expected:<[1]> but was:<[10]>
	at swen90006.mfa.PartitioningTests.getData_EC_6(Unknown Source)
	at java.base/jdk.internal.reflect.NativeMethodAccessorImpl.invoke0(Native Method)
	at java.base/jdk.internal.reflect.NativeMethodAccessorImpl.invoke(NativeMethodAccessorImpl.java:62)
	at java.base/jdk.internal.reflect.DelegatingMethodAccessorImpl.invoke(DelegatingMethodAccessorImpl.java:43)

Testcase: getData_EC_7 took 0 sec
Testcase: getData_EC_8 took 0 sec
	FAILED
Expected exception: java.lang.IndexOutOfBoundsException
junit.framework.AssertionFailedError: Expected exception: java.lang.IndexOutOfBoundsException

Testcase: register_EC_10 took 0.001 sec
Testcase: register_EC_11 took 0 sec
Testcase: register_EC_12 took 0 sec
Testcase: register_EC_13 took 0 sec
Testcase: register_EC_14 took 0 sec
Testcase: register_EC_15 took 0 sec
Testcase: register_EC_16 took 0 sec
Testcase: aFailedTest took 0 sec
Testcase: aTest took 0.001 sec
Testcase: respondToPushNotification_EC_21 took 0 sec
Testcase: respondToPushNotification_EC_22 took 0 sec
Testcase: respondToPushNotification_EC_23 took 0.008 sec
Testcase: respondToPushNotification_EC_24 took 0 sec
Testcase: anExceptionTest took 0 sec
Testcase: login_EC_17 took 0 sec
Testcase: login_EC_18 took 0 sec
Testcase: login_EC_19 took 0 sec
Testcase: login_EC_20 took 0 sec
